# JRE version: OpenJDK Runtime Environment (16.0.1+9) (build 16.0.1+9)
# Java VM: OpenJDK 64-Bit Server VM (16.0.1+9, mixed mode, sharing, tiered, compressed oops, compressed class ptrs, g1 gc, windows-amd64)
GC Precious Log:
 CPUs: 8 total, 8 available
 Memory: 32699M
 Large Page Support: Disabled
 NUMA Support: Disabled
 Compressed Oops: Enabled (Zero based)
 Heap Region Size: 4M
 Heap Min Capacity: 8M
 Heap Initial Capacity: 512M
 Heap Max Capacity: 8176M
 Pre-touch: Disabled
 Parallel Workers: 8
 Concurrent Workers: 2
 Concurrent Refinement Workers: 8
 Periodic GC: Disabled
Heap:
 garbage-first heap   total 524288K, used 33474K [0x0000000601000000, 0x0000000800000000)
  region size 4096K, 9 young (36864K), 2 survivors (8192K)
 Metaspace       used 21265K, committed 21504K, reserved 1073152K
  class space    used 2766K, committed 2880K, reserved 1048576K
GC Heap History (6 events):
Event: 2.706 GC heap before
{Heap before GC invocations=0 (full 0):
 garbage-first heap   total 524288K, used 24576K [0x0000000601000000, 0x0000000800000000)
  region size 4096K, 6 young (24576K), 0 survivors (0K)
 Metaspace       used 8657K, committed 8832K, reserved 1064960K
  class space    used 972K, committed 1088K, reserved 1048576K
}
Event: 2.720 GC heap after
{Heap after GC invocations=1 (full 0):
 garbage-first heap   total 524288K, used 3959K [0x0000000601000000, 0x0000000800000000)
  region size 4096K, 1 young (4096K), 1 survivors (4096K)
 Metaspace       used 8657K, committed 8832K, reserved 1064960K
  class space    used 972K, committed 1088K, reserved 1048576K
}
Event: 5.240 GC heap before
{Heap before GC invocations=1 (full 0):
 garbage-first heap   total 524288K, used 28535K [0x0000000601000000, 0x0000000800000000)
  region size 4096K, 7 young (28672K), 1 survivors (4096K)
 Metaspace       used 20243K, committed 20416K, reserved 1073152K
  class space    used 2602K, committed 2688K, reserved 1048576K
}
Event: 5.249 GC heap after
{Heap after GC invocations=2 (full 0):
 garbage-first heap   total 524288K, used 8361K [0x0000000601000000, 0x0000000800000000)
  region size 4096K, 1 young (4096K), 1 survivors (4096K)
 Metaspace       used 20243K, committed 20416K, reserved 1073152K
  class space    used 2602K, committed 2688K, reserved 1048576K
}
Event: 5.394 GC heap before
{Heap before GC invocations=2 (full 0):
 garbage-first heap   total 524288K, used 41129K [0x0000000601000000, 0x0000000800000000)
  region size 4096K, 10 young (40960K), 1 survivors (4096K)
 Metaspace       used 21052K, committed 21248K, reserved 1073152K
  class space    used 2743K, committed 2816K, reserved 1048576K
}
Event: 5.399 GC heap after
{Heap after GC invocations=3 (full 0):
 garbage-first heap   total 524288K, used 8898K [0x0000000601000000, 0x0000000800000000)
  region size 4096K, 2 young (8192K), 2 survivors (8192K)
 Metaspace       used 21052K, committed 21248K, reserved 1073152K
  class space    used 2743K, committed 2816K, reserved 1048576K
}

